<?xml version="1.0" encoding="UTF-8"?>
<!-- Generated by org.testng.reporters.JUnitXMLReporter -->
<testsuite hostname="Krishnas-MacBook-Air.local" ignored="0" name="RetryMultipleFailedtestcases" tests="5" failures="1" timestamp="2020-06-01T08:59:42 IST" time="0.099" errors="0">
  <testcase name="method1" time="0.019" classname="TestNgListeners.MyTests">
    <skipped/>
  </testcase> <!-- method1 -->
  <testcase name="method1" time="0.002" classname="TestNgListeners.MyTests">
    <skipped/>
  </testcase> <!-- method1 -->
  <testcase name="method1" time="0.005" classname="TestNgListeners.MyTests">
    <skipped/>
  </testcase> <!-- method1 -->
  <testcase name="method1" time="0.002" classname="TestNgListeners.MyTests">
    <failure type="junit.framework.AssertionFailedError" message="expected:&amp;lt;false&amp;gt; but was:&amp;lt;true&amp;gt;">
      <![CDATA[junit.framework.AssertionFailedError: expected:<false> but was:<true>
at junit.framework.Assert.fail(Assert.java:57)
at junit.framework.Assert.failNotEquals(Assert.java:329)
at junit.framework.Assert.assertEquals(Assert.java:78)
at junit.framework.Assert.assertEquals(Assert.java:174)
at junit.framework.Assert.assertEquals(Assert.java:181)
at TestNgListeners.MyTests.method1(MyTests.java:16)
at java.util.ArrayList.forEach(ArrayList.java:1249)
... Removed 27 stack frames]]>
    </failure>
  </testcase> <!-- method1 -->
  <testcase name="method2" time="0.002" classname="TestNgListeners.MyTests"/>
</testsuite> <!-- RetryMultipleFailedtestcases -->
